Determining if the pthread_create exist failed with the following output:
Change Dir: /home/pablo/Documentos/Github/Gladiators/Pablo/Logic/Server/cmake-build-debug/CMakeFiles/CMakeTmp

Run Build Command:"/usr/bin/make" "cmTC_4272f/fast"
/usr/bin/make -f CMakeFiles/cmTC_4272f.dir/build.make CMakeFiles/cmTC_4272f.dir/build
make[1]: se entra en el directorio '/home/pablo/Documentos/Github/Gladiators/Pablo/Logic/Server/cmake-build-debug/CMakeFiles/CMakeTmp'
Building C object CMakeFiles/cmTC_4272f.dir/CheckSymbolExists.c.o
/usr/bin/cc    -o CMakeFiles/cmTC_4272f.dir/CheckSymbolExists.c.o   -c /home/pablo/Documentos/Github/Gladiators/Pablo/Logic/Server/cmake-build-debug/CMakeFiles/CMakeTmp/CheckSymbolExists.c
Linking C executable cmTC_4272f
/opt/clion-2018.3.4/bin/cmake/linux/bin/cmake -E cmake_link_script CMakeFiles/cmTC_4272f.dir/link.txt --verbose=1
/usr/bin/cc      CMakeFiles/cmTC_4272f.dir/CheckSymbolExists.c.o  -o cmTC_4272f 
CMakeFiles/cmTC_4272f.dir/CheckSymbolExists.c.o: En la funci√≥n `main':
CheckSymbolExists.c:(.text+0x1b): referencia a `pthread_create' sin definir
collect2: error: ld returned 1 exit status
CMakeFiles/cmTC_4272f.dir/build.make:86: recipe for target 'cmTC_4272f' failed
make[1]: *** [cmTC_4272f] Error 1
make[1]: se sale del directorio '/home/pablo/Documentos/Github/Gladiators/Pablo/Logic/Server/cmake-build-debug/CMakeFiles/CMakeTmp'
Makefile:121: recipe for target 'cmTC_4272f/fast' failed
make: *** [cmTC_4272f/fast] Error 2

File /home/pablo/Documentos/Github/Gladiators/Pablo/Logic/Server/cmake-build-debug/CMakeFiles/CMakeTmp/CheckSymbolExists.c:
/* */
#include <pthread.h>

int main(int argc, char** argv)
{
  (void)argv;
#ifndef pthread_create
  return ((int*)(&pthread_create))[argc];
#else
  (void)argc;
  return 0;
#endif
}

Determining if the function pthread_create exists in the pthreads failed with the following output:
Change Dir: /home/pablo/Documentos/Github/Gladiators/Pablo/Logic/Server/cmake-build-debug/CMakeFiles/CMakeTmp

Run Build Command:"/usr/bin/make" "cmTC_8fe17/fast"
/usr/bin/make -f CMakeFiles/cmTC_8fe17.dir/build.make CMakeFiles/cmTC_8fe17.dir/build
make[1]: se entra en el directorio '/home/pablo/Documentos/Github/Gladiators/Pablo/Logic/Server/cmake-build-debug/CMakeFiles/CMakeTmp'
Building C object CMakeFiles/cmTC_8fe17.dir/CheckFunctionExists.c.o
/usr/bin/cc   -DCHECK_FUNCTION_EXISTS=pthread_create   -o CMakeFiles/cmTC_8fe17.dir/CheckFunctionExists.c.o   -c /opt/clion-2018.3.4/bin/cmake/linux/share/cmake-3.13/Modules/CheckFunctionExists.c
Linking C executable cmTC_8fe17
/opt/clion-2018.3.4/bin/cmake/linux/bin/cmake -E cmake_link_script CMakeFiles/cmTC_8fe17.dir/link.txt --verbose=1
/usr/bin/cc  -DCHECK_FUNCTION_EXISTS=pthread_create    CMakeFiles/cmTC_8fe17.dir/CheckFunctionExists.c.o  -o cmTC_8fe17 -lpthreads 
/usr/bin/ld: no se puede encontrar -lpthreads
collect2: error: ld returned 1 exit status
CMakeFiles/cmTC_8fe17.dir/build.make:86: recipe for target 'cmTC_8fe17' failed
make[1]: *** [cmTC_8fe17] Error 1
make[1]: se sale del directorio '/home/pablo/Documentos/Github/Gladiators/Pablo/Logic/Server/cmake-build-debug/CMakeFiles/CMakeTmp'
Makefile:121: recipe for target 'cmTC_8fe17/fast' failed
make: *** [cmTC_8fe17/fast] Error 2


